<?xml version="1.0" encoding="UTF-8"?>
<!-- Generated by org.testng.reporters.JUnitXMLReporter -->
<testsuite hostname="DESKTOP-BNIGMKC" ignored="0" name="Test" tests="1" failures="1" timestamp="26 Apr 2018 13:48:57 GMT" time="0.028" errors="0">
  <testcase name="@BeforeSuite beforeSuite" time="0.0" classname="wdMethods.ProjectMethods">
    <failure type="java.lang.NullPointerException">
      <![CDATA[java.lang.NullPointerException
	at utils.Reporter.startResult(Reporter.java:26)
	at wdMethods.ProjectMethods.beforeSuite(ProjectMethods.java:21)
... Removed 19 stack frames]]>
    </failure>
  </testcase> <!-- @BeforeSuite beforeSuite -->
  <testcase name="@BeforeTest setData" time="0.0" classname="testcases.TC003_CreateLead">
    <skipped/>
  </testcase> <!-- @BeforeTest setData -->
  <testcase name="@BeforeClass beforeClass" time="0.0" classname="wdMethods.ProjectMethods">
    <skipped/>
  </testcase> <!-- @BeforeClass beforeClass -->
  <testcase name="createLead" time="0.0" classname="testcases.TC003_CreateLead">
    <failure type="org.testng.TestNGException" message="
Data Provider public java.lang.Object[][] wdMethods.ProjectMethods.getData() must return either Object[][] or Iterator&amp;lt;Object&amp;gt;[], not class [[Ljava.lang.Object;">
      <![CDATA[org.testng.TestNGException: 
Data Provider public java.lang.Object[][] wdMethods.ProjectMethods.getData() must return either Object[][] or Iterator<Object>[], not class [[Ljava.lang.Object;
... Removed 22 stack frames]]>
    </failure>
  </testcase> <!-- createLead -->
</testsuite> <!-- Test -->
