<?xml version="1.0" encoding="UTF-8"?>
<testng-results skipped="0" failed="0" ignored="0" total="1" passed="1">
  <reporter-output>
  </reporter-output>
  <suite name="Default suite" duration-ms="26910" started-at="2018-04-26T13:50:53Z" finished-at="2018-04-26T13:51:20Z">
    <groups>
    </groups>
    <test name="Default test" duration-ms="26910" started-at="2018-04-26T13:50:53Z" finished-at="2018-04-26T13:51:20Z">
      <class name="testcases.TC003_CreateLead">
        <test-method status="PASS" signature="beforeSuite()[pri:0, instance:testcases.TC003_CreateLead@adede5]" name="beforeSuite" is-config="true" duration-ms="163" started-at="2018-04-26T19:20:53Z" finished-at="2018-04-26T19:20:53Z">
          <reporter-output>
          </reporter-output>
        </test-method> <!-- beforeSuite -->
        <test-method status="PASS" signature="setData()[pri:0, instance:testcases.TC003_CreateLead@adede5]" name="setData" is-config="true" duration-ms="0" started-at="2018-04-26T19:20:53Z" finished-at="2018-04-26T19:20:53Z">
          <reporter-output>
          </reporter-output>
        </test-method> <!-- setData -->
        <test-method status="PASS" signature="beforeClass()[pri:0, instance:testcases.TC003_CreateLead@adede5]" name="beforeClass" is-config="true" duration-ms="0" started-at="2018-04-26T19:20:53Z" finished-at="2018-04-26T19:20:53Z">
          <reporter-output>
          </reporter-output>
        </test-method> <!-- beforeClass -->
        <test-method status="PASS" signature="beforeMethod()[pri:0, instance:testcases.TC003_CreateLead@adede5]" name="beforeMethod" is-config="true" duration-ms="11202" started-at="2018-04-26T19:20:54Z" finished-at="2018-04-26T19:21:05Z">
          <reporter-output>
          </reporter-output>
        </test-method> <!-- beforeMethod -->
        <test-method status="PASS" signature="createLead(java.lang.String, java.lang.String, java.lang.String, java.lang.String, java.lang.String)[pri:0, instance:testcases.TC003_CreateLead@adede5]" name="createLead" duration-ms="14333" started-at="2018-04-26T19:21:05Z" data-provider="fetchData" finished-at="2018-04-26T19:21:19Z">
          <params>
            <param index="0">
              <value>
                <![CDATA[DemoSalesManager]]>
              </value>
            </param>
            <param index="1">
              <value>
                <![CDATA[crmsfa]]>
              </value>
            </param>
            <param index="2">
              <value>
                <![CDATA[kamalakannan]]>
              </value>
            </param>
            <param index="3">
              <value>
                <![CDATA[s]]>
              </value>
            </param>
            <param index="4">
              <value>
                <![CDATA[hcl]]>
              </value>
            </param>
          </params>
          <reporter-output>
          </reporter-output>
        </test-method> <!-- createLead -->
        <test-method status="PASS" signature="afterMethod()[pri:0, instance:testcases.TC003_CreateLead@adede5]" name="afterMethod" is-config="true" duration-ms="674" started-at="2018-04-26T19:21:19Z" finished-at="2018-04-26T19:21:20Z">
          <reporter-output>
          </reporter-output>
        </test-method> <!-- afterMethod -->
        <test-method status="PASS" signature="afterSuite()[pri:0, instance:testcases.TC003_CreateLead@adede5]" name="afterSuite" is-config="true" duration-ms="326" started-at="2018-04-26T19:21:20Z" finished-at="2018-04-26T19:21:20Z">
          <reporter-output>
          </reporter-output>
        </test-method> <!-- afterSuite -->
      </class> <!-- testcases.TC003_CreateLead -->
    </test> <!-- Default test -->
  </suite> <!-- Default suite -->
</testng-results>
